c:\users\arili\onedrive\desktop\doorstop cheeze\imgui-directx-11-kiero-hook-master\imgui directx 11 kiero hook\x64\release\vc143.pdb
c:\users\arili\onedrive\desktop\doorstop cheeze\imgui-directx-11-kiero-hook-master\imgui directx 11 kiero hook\x64\release\pch.obj
c:\users\arili\onedrive\desktop\doorstop cheeze\imgui-directx-11-kiero-hook-master\imgui directx 11 kiero hook\x64\release\main.obj
c:\users\arili\onedrive\desktop\doorstop cheeze\imgui-directx-11-kiero-hook-master\imgui directx 11 kiero hook\x64\release\kiero.obj
c:\users\arili\onedrive\desktop\doorstop cheeze\imgui-directx-11-kiero-hook-master\imgui directx 11 kiero hook\x64\release\imgui_widgets.obj
c:\users\arili\onedrive\desktop\doorstop cheeze\imgui-directx-11-kiero-hook-master\imgui directx 11 kiero hook\x64\release\imgui_impl_win32.obj
c:\users\arili\onedrive\desktop\doorstop cheeze\imgui-directx-11-kiero-hook-master\imgui directx 11 kiero hook\x64\release\imgui_impl_dx11.obj
c:\users\arili\onedrive\desktop\doorstop cheeze\imgui-directx-11-kiero-hook-master\imgui directx 11 kiero hook\x64\release\imgui_draw.obj
c:\users\arili\onedrive\desktop\doorstop cheeze\imgui-directx-11-kiero-hook-master\imgui directx 11 kiero hook\x64\release\imgui_demo.obj
c:\users\arili\onedrive\desktop\doorstop cheeze\imgui-directx-11-kiero-hook-master\imgui directx 11 kiero hook\x64\release\imgui.obj
c:\users\arili\onedrive\desktop\doorstop cheeze\imgui-directx-11-kiero-hook-master\imgui directx 11 kiero hook\x64\release\trampoline.obj
c:\users\arili\onedrive\desktop\doorstop cheeze\imgui-directx-11-kiero-hook-master\imgui directx 11 kiero hook\x64\release\hook.obj
c:\users\arili\onedrive\desktop\doorstop cheeze\imgui-directx-11-kiero-hook-master\imgui directx 11 kiero hook\x64\release\hde64.obj
c:\users\arili\onedrive\desktop\doorstop cheeze\imgui-directx-11-kiero-hook-master\imgui directx 11 kiero hook\x64\release\hde32.obj
c:\users\arili\onedrive\desktop\doorstop cheeze\imgui-directx-11-kiero-hook-master\imgui directx 11 kiero hook\x64\release\buffer.obj
c:\users\arili\onedrive\desktop\doorstop cheeze\imgui-directx-11-kiero-hook-master\x64\release\doorstop cheeze.dll
c:\users\arili\onedrive\desktop\doorstop cheeze\imgui-directx-11-kiero-hook-master\imgui directx 11 kiero hook\x64\release\doorstop cheeze.ipdb
c:\users\arili\onedrive\desktop\doorstop cheeze\imgui-directx-11-kiero-hook-master\x64\release\doorstop cheeze.pdb
c:\users\arili\onedrive\desktop\doorstop cheeze\imgui-directx-11-kiero-hook-master\imgui directx 11 kiero hook\x64\release\doorstop cheeze.iobj
c:\users\arili\onedrive\desktop\doorstop cheeze\imgui-directx-11-kiero-hook-master\imgui directx 11 kiero hook\x64\release\minhook.res
c:\users\arili\onedrive\desktop\doorstop cheeze\imgui-directx-11-kiero-hook-master\imgui directx 11 kiero hook\x64\release\doorstop cheeze.tlog\cl.command.1.tlog
c:\users\arili\onedrive\desktop\doorstop cheeze\imgui-directx-11-kiero-hook-master\imgui directx 11 kiero hook\x64\release\doorstop cheeze.tlog\cl.read.1.tlog
c:\users\arili\onedrive\desktop\doorstop cheeze\imgui-directx-11-kiero-hook-master\imgui directx 11 kiero hook\x64\release\doorstop cheeze.tlog\cl.write.1.tlog
c:\users\arili\onedrive\desktop\doorstop cheeze\imgui-directx-11-kiero-hook-master\imgui directx 11 kiero hook\x64\release\doorstop cheeze.tlog\link.command.1.tlog
c:\users\arili\onedrive\desktop\doorstop cheeze\imgui-directx-11-kiero-hook-master\imgui directx 11 kiero hook\x64\release\doorstop cheeze.tlog\link.read.1.tlog
c:\users\arili\onedrive\desktop\doorstop cheeze\imgui-directx-11-kiero-hook-master\imgui directx 11 kiero hook\x64\release\doorstop cheeze.tlog\link.write.1.tlog
c:\users\arili\onedrive\desktop\doorstop cheeze\imgui-directx-11-kiero-hook-master\imgui directx 11 kiero hook\x64\release\doorstop cheeze.tlog\rc.command.1.tlog
c:\users\arili\onedrive\desktop\doorstop cheeze\imgui-directx-11-kiero-hook-master\imgui directx 11 kiero hook\x64\release\doorstop cheeze.tlog\rc.read.1.tlog
c:\users\arili\onedrive\desktop\doorstop cheeze\imgui-directx-11-kiero-hook-master\imgui directx 11 kiero hook\x64\release\doorstop cheeze.tlog\rc.write.1.tlog
